<?xml version="1.0" encoding="UTF-8"?>
<robot generator="Robot 4.1.3 (Python 3.10.2 on win32)" generated="20220314 10:16:16.943" rpa="false" schemaversion="2">
<suite id="s1" name="Demo1 Suite" source="C:\Users\DELL1\Desktop\LTTS\robot\robot_project\robot_suite\demo1_suite.robot">
<test id="s1-t1" name="TC1 Print My Name">
<kw name="Log To Console" library="BuiltIn">
<arg>ambika</arg>
<doc>Logs the given message to the console.</doc>
<status status="PASS" starttime="20220314 10:16:17.187" endtime="20220314 10:16:17.189"/>
</kw>
<kw name="Log To Console" library="BuiltIn">
<arg>hello everyone</arg>
<doc>Logs the given message to the console.</doc>
<status status="PASS" starttime="20220314 10:16:17.190" endtime="20220314 10:16:17.191"/>
</kw>
<status status="PASS" starttime="20220314 10:16:17.185" endtime="20220314 10:16:17.192"/>
</test>
<test id="s1-t2" name="TC2">
<kw name="Log To Console" library="BuiltIn">
<arg>ambika</arg>
<doc>Logs the given message to the console.</doc>
<status status="PASS" starttime="20220314 10:16:17.196" endtime="20220314 10:16:17.198"/>
</kw>
<kw name="Log" library="BuiltIn">
<arg>hello</arg>
<doc>Logs the given message with the given level.</doc>
<msg timestamp="20220314 10:16:17.199" level="INFO">hello</msg>
<status status="PASS" starttime="20220314 10:16:17.199" endtime="20220314 10:16:17.200"/>
</kw>
<status status="PASS" starttime="20220314 10:16:17.195" endtime="20220314 10:16:17.201"/>
</test>
<test id="s1-t3" name="TC3">
<kw name="Set Variable" library="BuiltIn">
<var>${session_name}</var>
<arg>Robot Session</arg>
<doc>Returns the given values which can then be assigned to a variables.</doc>
<msg timestamp="20220314 10:16:17.208" level="INFO">${session_name} = Robot Session</msg>
<status status="PASS" starttime="20220314 10:16:17.207" endtime="20220314 10:16:17.208"/>
</kw>
<kw name="Log To Console" library="BuiltIn">
<arg>${session_name}</arg>
<doc>Logs the given message to the console.</doc>
<status status="PASS" starttime="20220314 10:16:17.209" endtime="20220314 10:16:17.212"/>
</kw>
<kw name="Log To Console" library="BuiltIn">
<arg>Session name is ${session_name}</arg>
<doc>Logs the given message to the console.</doc>
<status status="PASS" starttime="20220314 10:16:17.213" endtime="20220314 10:16:17.215"/>
</kw>
<status status="PASS" starttime="20220314 10:16:17.204" endtime="20220314 10:16:17.217"/>
</test>
<test id="s1-t4" name="TC4">
<kw name="Set Variable" library="BuiltIn">
<var>${var1}</var>
<arg>25</arg>
<doc>Returns the given values which can then be assigned to a variables.</doc>
<msg timestamp="20220314 10:16:17.222" level="INFO">${var1} = 25</msg>
<status status="PASS" starttime="20220314 10:16:17.221" endtime="20220314 10:16:17.222"/>
</kw>
<kw name="Set Variable" library="BuiltIn">
<var>${var2}</var>
<arg>26</arg>
<doc>Returns the given values which can then be assigned to a variables.</doc>
<msg timestamp="20220314 10:16:17.224" level="INFO">${var2} = 26</msg>
<status status="PASS" starttime="20220314 10:16:17.223" endtime="20220314 10:16:17.224"/>
</kw>
<kw name="Evaluate" library="BuiltIn">
<var>${result}</var>
<arg>${var1}+${var2}</arg>
<doc>Evaluates the given expression in Python and returns the result.</doc>
<msg timestamp="20220314 10:16:17.228" level="INFO">${result} = 51</msg>
<status status="PASS" starttime="20220314 10:16:17.225" endtime="20220314 10:16:17.228"/>
</kw>
<kw name="Log To Console" library="BuiltIn">
<arg>${result}</arg>
<doc>Logs the given message to the console.</doc>
<status status="PASS" starttime="20220314 10:16:17.229" endtime="20220314 10:16:17.231"/>
</kw>
<status status="PASS" starttime="20220314 10:16:17.219" endtime="20220314 10:16:17.232"/>
</test>
<test id="s1-t5" name="TC5">
<kw name="Set Variable" library="BuiltIn">
<var>${radius}</var>
<arg>10</arg>
<doc>Returns the given values which can then be assigned to a variables.</doc>
<msg timestamp="20220314 10:16:17.238" level="INFO">${radius} = 10</msg>
<status status="PASS" starttime="20220314 10:16:17.237" endtime="20220314 10:16:17.238"/>
</kw>
<kw name="Evaluate" library="BuiltIn">
<var>${result}</var>
<arg>3.14*${radius}*${radius}</arg>
<doc>Evaluates the given expression in Python and returns the result.</doc>
<msg timestamp="20220314 10:16:17.241" level="INFO">${result} = 314.0</msg>
<status status="PASS" starttime="20220314 10:16:17.239" endtime="20220314 10:16:17.241"/>
</kw>
<kw name="Log To Console" library="BuiltIn">
<arg>${result}</arg>
<doc>Logs the given message to the console.</doc>
<status status="PASS" starttime="20220314 10:16:17.242" endtime="20220314 10:16:17.243"/>
</kw>
<status status="PASS" starttime="20220314 10:16:17.235" endtime="20220314 10:16:17.245"/>
</test>
<status status="PASS" starttime="20220314 10:16:16.966" endtime="20220314 10:16:17.268"/>
</suite>
<statistics>
<total>
<stat pass="5" fail="0" skip="0">All Tests</stat>
</total>
<tag>
</tag>
<suite>
<stat pass="5" fail="0" skip="0" id="s1" name="Demo1 Suite">Demo1 Suite</stat>
</suite>
</statistics>
<errors>
</errors>
</robot>
