<?xml version="1.0" encoding="UTF-8"?>
<robot generator="Robot 4.1.3 (Python 3.10.2 on win32)" generated="20220314 11:27:30.171" rpa="false" schemaversion="2">
<suite id="s1" name="Demo3 Suite" source="C:\Users\DELL1\Desktop\LTTS\robot\robot_project\robot_suite\demo3_suite.robot">
<test id="s1-t1" name="TC1">
<kw name="Log To Console" library="BuiltIn">
<arg>C:\\Users\\DELL1\\Desktop\\LTTS\\robot\\robot_project\\robot_suite</arg>
<doc>Logs the given message to the console.</doc>
<status status="PASS" starttime="20220314 11:27:30.228" endtime="20220314 11:27:30.228"/>
</kw>
<kw name="Log To Console" library="BuiltIn">
<arg>${EXECDIR}</arg>
<doc>Logs the given message to the console.</doc>
<status status="PASS" starttime="20220314 11:27:30.229" endtime="20220314 11:27:30.230"/>
</kw>
<kw name="Log To Console" library="BuiltIn">
<arg>${OUTPUT_DIR}</arg>
<doc>Logs the given message to the console.</doc>
<status status="PASS" starttime="20220314 11:27:30.231" endtime="20220314 11:27:30.231"/>
</kw>
<kw name="Log To Console" library="BuiltIn">
<arg>${TEMPDIR}</arg>
<doc>Logs the given message to the console.</doc>
<status status="PASS" starttime="20220314 11:27:30.232" endtime="20220314 11:27:30.233"/>
</kw>
<kw name="Log To Console" library="BuiltIn">
<arg>${TEST_NAME}</arg>
<doc>Logs the given message to the console.</doc>
<status status="PASS" starttime="20220314 11:27:30.234" endtime="20220314 11:27:30.234"/>
</kw>
<kw name="Log To Console" library="BuiltIn">
<arg>${SUITE_NAME}</arg>
<doc>Logs the given message to the console.</doc>
<status status="PASS" starttime="20220314 11:27:30.235" endtime="20220314 11:27:30.236"/>
</kw>
<status status="PASS" starttime="20220314 11:27:30.227" endtime="20220314 11:27:30.236"/>
</test>
<test id="s1-t2" name="TC2">
<kw name="Create Directory" library="OperatingSystem">
<arg>E:${/}LTTS${/}robort${/}temp${/}My_Folder</arg>
<doc>Creates the specified directory.</doc>
<msg timestamp="20220314 11:27:30.239" level="INFO" html="true">Directory '&lt;a href="file://E:\LTTS\robort\temp\My_Folder"&gt;E:\LTTS\robort\temp\My_Folder&lt;/a&gt;' already exists.</msg>
<status status="PASS" starttime="20220314 11:27:30.238" endtime="20220314 11:27:30.239"/>
</kw>
<kw name="Create File" library="OperatingSystem">
<arg>E:${/}LTTS${/}robort${/}temp${/}My_Folder${/}notes.txt</arg>
<arg>varsha</arg>
<doc>Creates a file with the given content and encoding.</doc>
<msg timestamp="20220314 11:27:30.240" level="INFO" html="true">Created file '&lt;a href="file://E:\LTTS\robort\temp\My_Folder\notes.txt"&gt;E:\LTTS\robort\temp\My_Folder\notes.txt&lt;/a&gt;'.</msg>
<status status="PASS" starttime="20220314 11:27:30.240" endtime="20220314 11:27:30.241"/>
</kw>
<kw name="Copy File" library="OperatingSystem">
<arg>E:${/}LTTS${/}robort${/}temp${/}My_Folder${/}notes.txt</arg>
<arg>xyz1</arg>
<doc>Copies the source file into the destination.</doc>
<msg timestamp="20220314 11:27:30.334" level="INFO" html="true">Copied file from '&lt;a href="file://E:\LTTS\robort\temp\My_Folder\notes.txt"&gt;E:\LTTS\robort\temp\My_Folder\notes.txt&lt;/a&gt;' to '&lt;a href="file://C:\Users\DELL1\Desktop\LTTS\robot\robot_project\xyz1"&gt;C:\Users\DELL1\Desktop\LTTS\robot\robot_project\xyz1&lt;/a&gt;'.</msg>
<status status="PASS" starttime="20220314 11:27:30.241" endtime="20220314 11:27:30.335"/>
</kw>
<kw name="Remove File" library="OperatingSystem">
<arg>E:${/}LTTS${/}robort${/}temp${/}My_Folder${/}notes.txt robot</arg>
<doc>Removes a file with the given path.</doc>
<msg timestamp="20220314 11:27:30.336" level="INFO" html="true">File '&lt;a href="file://E:\LTTS\robort\temp\My_Folder\notes.txt robot"&gt;E:\LTTS\robort\temp\My_Folder\notes.txt robot&lt;/a&gt;' does not exist.</msg>
<status status="PASS" starttime="20220314 11:27:30.335" endtime="20220314 11:27:30.336"/>
</kw>
<kw name="Remove Directory" library="OperatingSystem">
<arg>E:${/}LTTS${/}robort${/}temp${/}My_Folder</arg>
<arg>true</arg>
<doc>Removes the directory pointed to by the given ``path``.</doc>
<msg timestamp="20220314 11:27:30.360" level="INFO" html="true">Removed directory '&lt;a href="file://E:\LTTS\robort\temp\My_Folder"&gt;E:\LTTS\robort\temp\My_Folder&lt;/a&gt;'.</msg>
<status status="PASS" starttime="20220314 11:27:30.337" endtime="20220314 11:27:30.360"/>
</kw>
<status status="PASS" starttime="20220314 11:27:30.238" endtime="20220314 11:27:30.361"/>
</test>
<status status="PASS" starttime="20220314 11:27:30.174" endtime="20220314 11:27:30.363"/>
</suite>
<statistics>
<total>
<stat pass="2" fail="0" skip="0">All Tests</stat>
</total>
<tag>
</tag>
<suite>
<stat pass="2" fail="0" skip="0" id="s1" name="Demo3 Suite">Demo3 Suite</stat>
</suite>
</statistics>
<errors>
</errors>
</robot>
