<?xml version="1.0" encoding="UTF-8"?>
<robot generator="Robot 4.1.3 (Python 3.10.2 on win32)" generated="20220318 14:42:24.094" rpa="false" schemaversion="2">
<suite id="s1" name="Demo1 Suite" source="C:\Users\DELL1\Desktop\LTTS\robot\robot_project\db_suite\demo1_suite.robot">
<kw name="Connect To Database" library="DatabaseLibrary" type="SETUP">
<arg>dbapiModuleName=pymysql</arg>
<arg>dbName=dbfree_db</arg>
<arg>dbUsername=dbfree_db</arg>
<arg>dbPassword=12345678</arg>
<arg>dbHost=db4free.net</arg>
<arg>dbPort=3306</arg>
<doc>Loads the DB API 2.0 module given `dbapiModuleName` then uses it to
connect to the database using `dbName`, `dbUsername`, and `dbPassword`.</doc>
<msg timestamp="20220318 14:42:24.234" level="INFO">Connecting using : pymysql.connect(db=dbfree_db, user=dbfree_db, passwd=12345678, host=db4free.net, port=3306, charset=None) </msg>
<status status="PASS" starttime="20220318 14:42:24.146" endtime="20220318 14:42:25.026"/>
</kw>
<test id="s1-t1" name="TC1">
<kw name="Table Must Exist" library="DatabaseLibrary">
<arg>Products</arg>
<doc>Check if the table given exists in the database. Set optional input `sansTran` to True to run command without an
explicit transaction commit or rollback.</doc>
<msg timestamp="20220318 14:42:25.029" level="INFO">Executing : Table Must Exist  |  Products </msg>
<msg timestamp="20220318 14:42:25.029" level="INFO">Executing : Row Count  |  SELECT * FROM information_schema.tables WHERE table_name='Products' </msg>
<status status="PASS" starttime="20220318 14:42:25.028" endtime="20220318 14:42:29.968"/>
</kw>
<kw name="Row Count" library="DatabaseLibrary">
<var>${count}</var>
<arg>select * from Products</arg>
<doc>Uses the input `selectStatement` to query the database and returns the number of rows from the query. Set
optional input `sansTran` to True to run command without an explicit transaction commit or rollback.</doc>
<msg timestamp="20220318 14:42:29.970" level="INFO">Executing : Row Count  |  select * from Products </msg>
<msg timestamp="20220318 14:42:30.359" level="INFO">${count} = 81</msg>
<status status="PASS" starttime="20220318 14:42:29.969" endtime="20220318 14:42:30.359"/>
</kw>
<kw name="Log To Console" library="BuiltIn">
<arg>${count}</arg>
<doc>Logs the given message to the console.</doc>
<status status="PASS" starttime="20220318 14:42:30.359" endtime="20220318 14:42:30.361"/>
</kw>
<status status="PASS" starttime="20220318 14:42:25.027" endtime="20220318 14:42:30.362"/>
</test>
<test id="s1-t2" name="TC2">
<kw name="Row Count Is Equal To X" library="DatabaseLibrary">
<arg>select * from Products where product_id=10</arg>
<arg>1</arg>
<doc>Check if the number of rows returned from `selectStatement` is equal to the value submitted. If not, then this
will throw an AssertionError. Set optional input `sansTran` to True to run command without an explicit
transaction commit or rollback.</doc>
<msg timestamp="20220318 14:42:30.366" level="INFO">Executing : Row Count Is Equal To X  |  select * from Products where product_id=10  |  1 </msg>
<msg timestamp="20220318 14:42:30.367" level="INFO">Executing : Row Count  |  select * from Products where product_id=10 </msg>
<status status="PASS" starttime="20220318 14:42:30.366" endtime="20220318 14:42:30.757"/>
</kw>
<kw name="Row Count Is Greater Than X" library="DatabaseLibrary">
<arg>select * from Products</arg>
<arg>10</arg>
<doc>Check if the number of rows returned from `selectStatement` is greater than the value submitted. If not, then
this will throw an AssertionError. Set optional input `sansTran` to True to run command without an explicit
transaction commit or rollback.</doc>
<msg timestamp="20220318 14:42:30.759" level="INFO">Executing : Row Count Is Greater Than X  |  select * from Products  |  10 </msg>
<msg timestamp="20220318 14:42:30.759" level="INFO">Executing : Row Count  |  select * from Products </msg>
<status status="PASS" starttime="20220318 14:42:30.758" endtime="20220318 14:42:31.147"/>
</kw>
<kw name="Row Count Is Less Than X" library="DatabaseLibrary">
<arg>select * from Products</arg>
<arg>100</arg>
<doc>Check if the number of rows returned from `selectStatement` is less than the value submitted. If not, then this
will throw an AssertionError. Set optional input `sansTran` to True to run command without an explicit
transaction commit or rollback.</doc>
<msg timestamp="20220318 14:42:31.149" level="INFO">Executing : Row Count Is Less Than X  |  select * from Products  |  100 </msg>
<msg timestamp="20220318 14:42:31.149" level="INFO">Executing : Row Count  |  select * from Products </msg>
<status status="PASS" starttime="20220318 14:42:31.148" endtime="20220318 14:42:31.609"/>
</kw>
<status status="PASS" starttime="20220318 14:42:30.364" endtime="20220318 14:42:31.610"/>
</test>
<test id="s1-t3" name="TC3">
<kw name="Execute Sql String" library="DatabaseLibrary">
<arg>Insert into Products (product_id,productname,description) values (651,'Varsha','just name')</arg>
<doc>Executes the sqlString as SQL commands. Useful to pass arguments to your sql. Set optional input `sansTran` to
True to run command without an explicit transaction commit or rollback.</doc>
<msg timestamp="20220318 14:42:31.615" level="INFO">Executing : Execute SQL String  |  Insert into Products (product_id,productname,description) values (651,'Varsha','just name') </msg>
<msg timestamp="20220318 14:42:31.995" level="FAIL">IntegrityError: (1062, "Duplicate entry '651' for key 'Products.PRIMARY'")</msg>
<status status="FAIL" starttime="20220318 14:42:31.614" endtime="20220318 14:42:31.995"/>
</kw>
<kw name="Row Count Is Equal To X" library="DatabaseLibrary">
<arg>select * from Products where product_id=651</arg>
<arg>1</arg>
<doc>Check if the number of rows returned from `selectStatement` is equal to the value submitted. If not, then this
will throw an AssertionError. Set optional input `sansTran` to True to run command without an explicit
transaction commit or rollback.</doc>
<status status="NOT RUN" starttime="20220318 14:42:31.997" endtime="20220318 14:42:31.997"/>
</kw>
<status status="FAIL" starttime="20220318 14:42:31.613" endtime="20220318 14:42:31.999">IntegrityError: (1062, "Duplicate entry '651' for key 'Products.PRIMARY'")</status>
</test>
<test id="s1-t4" name="TC4">
<kw name="Query" library="DatabaseLibrary">
<var>@{output}</var>
<arg>select * from Products</arg>
<doc>Uses the input `selectStatement` to query for the values that will be returned as a list of tuples. Set optional
input `sansTran` to True to run command without an explicit transaction commit or rollback.
Set optional input `returnAsDict` to True to return values as a list of dictionaries.</doc>
<msg timestamp="20220318 14:42:32.038" level="INFO">Executing : Query  |  select * from Products </msg>
<msg timestamp="20220318 14:42:32.447" level="INFO">@{output} = [ (1, 'Basu', 'ji') | (10, 'Basu', '7 plus 128 Gb') | (11, 'Basu', 'mayank') | (13, 'Basu', 'xxx') | (23, 'Basu', 'justname') | (42, 'Basu', 'isha') | (50, 'apsar', 'justname') | (51, 'apsar', 'justna...</msg>
<status status="PASS" starttime="20220318 14:42:32.037" endtime="20220318 14:42:32.447"/>
</kw>
<kw name="Log To Console" library="BuiltIn">
<arg>${output}</arg>
<doc>Logs the given message to the console.</doc>
<status status="PASS" starttime="20220318 14:42:32.448" endtime="20220318 14:42:32.646"/>
</kw>
<kw name="Log To Console" library="BuiltIn">
<arg>${output}[0]</arg>
<doc>Logs the given message to the console.</doc>
<status status="PASS" starttime="20220318 14:42:32.647" endtime="20220318 14:42:32.650"/>
</kw>
<status status="PASS" starttime="20220318 14:42:32.035" endtime="20220318 14:42:32.651"/>
</test>
<test id="s1-t5" name="TC5">
<kw name="Execute Sql String" library="DatabaseLibrary">
<arg>update Products set productname='varsha' where product_id=651</arg>
<doc>Executes the sqlString as SQL commands. Useful to pass arguments to your sql. Set optional input `sansTran` to
True to run command without an explicit transaction commit or rollback.</doc>
<msg timestamp="20220318 14:42:32.657" level="INFO">Executing : Execute SQL String  |  update Products set productname='varsha' where product_id=651 </msg>
<status status="PASS" starttime="20220318 14:42:32.656" endtime="20220318 14:42:33.378"/>
</kw>
<kw name="Query" library="DatabaseLibrary">
<var>@{output}</var>
<arg>select * from Products where product_id=651</arg>
<doc>Uses the input `selectStatement` to query for the values that will be returned as a list of tuples. Set optional
input `sansTran` to True to run command without an explicit transaction commit or rollback.
Set optional input `returnAsDict` to True to return values as a list of dictionaries.</doc>
<msg timestamp="20220318 14:42:33.379" level="INFO">Executing : Query  |  select * from Products where product_id=651 </msg>
<msg timestamp="20220318 14:42:33.767" level="INFO">@{output} = [ (651, 'varsha', 'just name') ]</msg>
<status status="PASS" starttime="20220318 14:42:33.379" endtime="20220318 14:42:33.767"/>
</kw>
<kw name="Log To Console" library="BuiltIn">
<arg>${output}</arg>
<doc>Logs the given message to the console.</doc>
<status status="PASS" starttime="20220318 14:42:33.768" endtime="20220318 14:42:33.769"/>
</kw>
<status status="PASS" starttime="20220318 14:42:32.654" endtime="20220318 14:42:33.770"/>
</test>
<test id="s1-t6" name="TC6">
<kw name="Query" library="DatabaseLibrary">
<var>@{output}</var>
<arg>select * from Products where product_id=651</arg>
<doc>Uses the input `selectStatement` to query for the values that will be returned as a list of tuples. Set optional
input `sansTran` to True to run command without an explicit transaction commit or rollback.
Set optional input `returnAsDict` to True to return values as a list of dictionaries.</doc>
<msg timestamp="20220318 14:42:33.775" level="INFO">Executing : Query  |  select * from Products where product_id=651 </msg>
<msg timestamp="20220318 14:42:34.177" level="INFO">@{output} = [ (651, 'varsha', 'just name') ]</msg>
<status status="PASS" starttime="20220318 14:42:33.775" endtime="20220318 14:42:34.177"/>
</kw>
<kw name="Log To Console" library="BuiltIn">
<arg>${output}</arg>
<doc>Logs the given message to the console.</doc>
<status status="PASS" starttime="20220318 14:42:34.178" endtime="20220318 14:42:34.180"/>
</kw>
<kw name="Log To Console" library="BuiltIn">
<arg>${output}[0]</arg>
<doc>Logs the given message to the console.</doc>
<status status="PASS" starttime="20220318 14:42:34.181" endtime="20220318 14:42:34.182"/>
</kw>
<kw name="Log To Console" library="BuiltIn">
<arg>${output}[0][1]</arg>
<doc>Logs the given message to the console.</doc>
<status status="PASS" starttime="20220318 14:42:34.183" endtime="20220318 14:42:34.185"/>
</kw>
<status status="PASS" starttime="20220318 14:42:33.773" endtime="20220318 14:42:34.186"/>
</test>
<kw name="Disconnect From Database" library="DatabaseLibrary" type="TEARDOWN">
<doc>Disconnects from the database.</doc>
<msg timestamp="20220318 14:42:34.269" level="INFO">Executing : Disconnect From Database</msg>
<status status="PASS" starttime="20220318 14:42:34.269" endtime="20220318 14:42:34.270"/>
</kw>
<status status="FAIL" starttime="20220318 14:42:24.096" endtime="20220318 14:42:34.270"/>
</suite>
<statistics>
<total>
<stat pass="5" fail="1" skip="0">All Tests</stat>
</total>
<tag>
</tag>
<suite>
<stat pass="5" fail="1" skip="0" id="s1" name="Demo1 Suite">Demo1 Suite</stat>
</suite>
</statistics>
<errors>
</errors>
</robot>
